<?xml version="1.0" encoding="windows-1252" standalone="no"?>
<!DOCTYPE log SYSTEM "logger.dtd">
<log>
<record>
  <date>2022-10-19T17:45:30.627631500Z</date>
  <millis>1666201530627</millis>
  <nanos>631500</nanos>
  <sequence>0</sequence>
  <logger>jMetal</logger>
  <level>INFO</level>
  <class>jmetal.metaheuristics.moead.MOEAD_main</class>
  <method>main</method>
  <thread>1</thread>
  <message>Total execution time: 415ms</message>
</record>
<record>
  <date>2022-10-19T17:45:30.732351100Z</date>
  <millis>1666201530732</millis>
  <nanos>351100</nanos>
  <sequence>1</sequence>
  <logger>jMetal</logger>
  <level>INFO</level>
  <class>jmetal.metaheuristics.moead.MOEAD_main</class>
  <method>main</method>
  <thread>1</thread>
  <message>Objectives values have been writen to file FUN</message>
</record>
<record>
  <date>2022-10-19T17:45:30.748308900Z</date>
  <millis>1666201530748</millis>
  <nanos>308900</nanos>
  <sequence>2</sequence>
  <logger>jMetal</logger>
  <level>INFO</level>
  <class>jmetal.metaheuristics.moead.MOEAD_main</class>
  <method>main</method>
  <thread>1</thread>
  <message>Variables values have been writen to file VAR</message>
</record>
</log>
